<?xml version="1.0" encoding="utf-8" standalone="no"?>
<test-results xmlns:xsi="http://www.w3.org/2001/XMLSchema-instance" xsi:noNamespaceSchemaLocation="nunit_schema_2.5.xsd" name="Pester" total="4" errors="0" failures="0" not-run="0" inconclusive="0" ignored="0" skipped="0" invalid="0" date="2026-08-19" time="13:52:42">
  <environment user-domain="" cwd="/home/runner/work/Fileshare_Assessment-Migration_ShareGate_M365/Fileshare_Assessment-Migration_ShareGate_M365" clr-version="10.0.10" nunit-version="2.5.8.0" machine-name="runnervmzvulz" platform="Linux" user="runner" os-version="6.17.0-1022-azure" />
  <culture-info current-culture="" current-uiculture="" />
  <test-suite type="TestFixture" name="Pester" executed="True" result="Success" success="True" time="0.6442" asserts="0" description="Pester">
    <results>
      <test-suite type="TestFixture" name="/home/runner/work/Fileshare_Assessment-Migration_ShareGate_M365/Fileshare_Assessment-Migration_ShareGate_M365/Scripts Assessments/Tests/FileShareAssessment.Tests.ps1" executed="True" result="Success" success="True" time="0.6442" asserts="0" description="/home/runner/work/Fileshare_Assessment-Migration_ShareGate_M365/Fileshare_Assessment-Migration_ShareGate_M365/Scripts Assessments/Tests/FileShareAssessment.Tests.ps1">
        <results>
          <test-suite type="TestFixture" name="FileShareAssessment packaging" executed="True" result="Success" success="True" time="0.3234" asserts="0" description="FileShareAssessment packaging">
            <results>
              <test-case description="importe le module sans lancer de scan" name="FileShareAssessment packaging.importe le module sans lancer de scan" time="0.0848" asserts="0" success="True" result="Success" executed="True" />
              <test-case description="valide la configuration d'exemple" name="FileShareAssessment packaging.valide la configuration d'exemple" time="0.1291" asserts="0" success="True" result="Success" executed="True" />
              <test-case description="propose le plan sans exécuter les scripts en WhatIf" name="FileShareAssessment packaging.propose le plan sans exécuter les scripts en WhatIf" time="0.0263" asserts="0" success="True" result="Success" executed="True" />
              <test-case description="expose un point d'entrée Start-Assessment compatible WhatIf" name="FileShareAssessment packaging.expose un point d'entrée Start-Assessment compatible WhatIf" time="0.0351" asserts="0" success="True" result="Success" executed="True" />
            </results>
          </test-suite>
        </results>
      </test-suite>
    </results>
  </test-suite>
</test-results>